<?xml version="1.0" encoding="UTF-8"?>
<!-- Generated by org.testng.reporters.JUnitXMLReporter -->
<testsuite hostname="DESKTOP-D158IAT" ignored="2" name="Test" tests="2" failures="0" timestamp="13 Dec 2021 09:23:07 GMT" time="12.485" errors="0">
  <testcase name="statuscheck" time="5.025" classname="care.maevenproject.testngexample"/>
  <testcase name="ticketbooking" time="7.435" classname="care.maevenproject.testngexample"/>
  <testcase name="testcase1" time="0.0" classname="care.maevenproject.testngexample">
    <ignored/>
  </testcase> <!-- testcase1 -->
  <testcase name="testcase2" time="0.0" classname="care.maevenproject.testngexample">
    <ignored/>
  </testcase> <!-- testcase2 -->
</testsuite> <!-- Test -->
