<?xml version="1.0" encoding="UTF-8"?>
<testng-results skipped="0" failed="0" ignored="0" total="2" passed="2">
  <reporter-output>
  </reporter-output>
  <suite name="Default suite" duration-ms="34479" started-at="2021-12-13T11:49:24Z" finished-at="2021-12-13T11:49:59Z">
    <groups>
    </groups>
    <test name="Default test" duration-ms="34479" started-at="2021-12-13T11:49:24Z" finished-at="2021-12-13T11:49:59Z">
      <class name="care.maevenproject.upskilltestng">
        <test-method status="PASS" signature="initializing()[pri:0, instance:care.maevenproject.upskilltestng@58651fd0]" name="initializing" is-config="true" duration-ms="2161" started-at="2021-12-13T17:19:24Z" finished-at="2021-12-13T17:19:26Z">
          <reporter-output>
          </reporter-output>
        </test-method> <!-- initializing -->
        <test-method status="PASS" signature="ticketbooking(java.lang.String, java.lang.String, java.lang.String, java.lang.String, java.lang.String, java.lang.String)[pri:0, instance:care.maevenproject.upskilltestng@58651fd0]" name="ticketbooking" duration-ms="14450" started-at="2021-12-13T17:19:26Z" data-provider="facebooktestdata" finished-at="2021-12-13T17:19:41Z">
          <params>
            <param index="0">
              <value>
                <![CDATA[monalisa]]>
              </value>
            </param>
            <param index="1">
              <value>
                <![CDATA[dash]]>
              </value>
            </param>
            <param index="2">
              <value>
                <![CDATA[mona@gmail.com]]>
              </value>
            </param>
            <param index="3">
              <value>
                <![CDATA[mona98]]>
              </value>
            </param>
            <param index="4">
              <value>
                <![CDATA[pass72067]]>
              </value>
            </param>
            <param index="5">
              <value>
                <![CDATA[pass09876]]>
              </value>
            </param>
          </params>
          <reporter-output>
          </reporter-output>
        </test-method> <!-- ticketbooking -->
        <test-method status="PASS" signature="closingbrowser()[pri:0, instance:care.maevenproject.upskilltestng@58651fd0]" name="closingbrowser" is-config="true" duration-ms="1165" started-at="2021-12-13T17:19:41Z" finished-at="2021-12-13T17:19:42Z">
          <reporter-output>
          </reporter-output>
        </test-method> <!-- closingbrowser -->
        <test-method status="PASS" signature="initializing()[pri:0, instance:care.maevenproject.upskilltestng@58651fd0]" name="initializing" is-config="true" duration-ms="1476" started-at="2021-12-13T17:19:42Z" finished-at="2021-12-13T17:19:43Z">
          <reporter-output>
          </reporter-output>
        </test-method> <!-- initializing -->
        <test-method status="PASS" signature="ticketbooking(java.lang.String, java.lang.String, java.lang.String, java.lang.String, java.lang.String, java.lang.String)[pri:0, instance:care.maevenproject.upskilltestng@58651fd0]" name="ticketbooking" duration-ms="14538" started-at="2021-12-13T17:19:43Z" data-provider="facebooktestdata" finished-at="2021-12-13T17:19:58Z">
          <params>
            <param index="0">
              <value>
                <![CDATA[Pinaki]]>
              </value>
            </param>
            <param index="1">
              <value>
                <![CDATA[Nandan]]>
              </value>
            </param>
            <param index="2">
              <value>
                <![CDATA[mjpinaki@gmail.com]]>
              </value>
            </param>
            <param index="3">
              <value>
                <![CDATA[pinaki97]]>
              </value>
            </param>
            <param index="4">
              <value>
                <![CDATA[pass3456]]>
              </value>
            </param>
            <param index="5">
              <value>
                <![CDATA[pass123987]]>
              </value>
            </param>
          </params>
          <reporter-output>
          </reporter-output>
        </test-method> <!-- ticketbooking -->
        <test-method status="PASS" signature="closingbrowser()[pri:0, instance:care.maevenproject.upskilltestng@58651fd0]" name="closingbrowser" is-config="true" duration-ms="665" started-at="2021-12-13T17:19:58Z" finished-at="2021-12-13T17:19:59Z">
          <reporter-output>
          </reporter-output>
        </test-method> <!-- closingbrowser -->
      </class> <!-- care.maevenproject.upskilltestng -->
    </test> <!-- Default test -->
  </suite> <!-- Default suite -->
</testng-results>
